<?xml version="1.0" encoding="UTF-8" standalone="no"?>
<testsuite failures="1" name="cucumber.runtime.formatter.JUnitFormatter" skipped="0" tests="1" time="512.006715">
<testcase classname="Flujo de Alta Combo MCSS" name="Alta Combo con equipo financiado para cliente existente que no tiene suscripciones asignadas, ciclo 99 dummy CE - No desea factura" time="512.006715">
<failure message="java.lang.AssertionError: ERROR_Alta_Postpago&#13;&#10;&#9;at org.testng.Assert.fail(Assert.java:85)&#13;&#10;&#9;at MCSS.exceptions.ExceptionHandler.doException(ExceptionHandler.java:17)&#13;&#10;&#9;at MCSS.tests.Steps.altaPostpago(Steps.java:310)&#13;&#10;&#9;at ✽.And Seleccion el Alta Postpago solo chip con &quot;6&quot;(src/test/resources/feature/TC006_ComboConEquipo.feature:7)&#13;&#10;Caused by: java.lang.AssertionError: Fallo en obtener el label&#13;&#10;&#9;at org.testng.Assert.fail(Assert.java:85)&#13;&#10;&#9;at MCSS.helpers.BasePage.manejoDeAssertExcepciones2(BasePage.java:65)&#13;&#10;&#9;at MCSS.helpers.BasePage.getlabel(BasePage.java:313)&#13;&#10;&#9;at MCSS.pageObject.MiMovistar.P004_Mi_Movistar_CheckoutPage.obtenerNroOrden(P004_Mi_Movistar_CheckoutPage.java:145)&#13;&#10;&#9;at MCSS.tests.Steps.altaPostpago(Steps.java:292)&#13;&#10;&#9;at sun.reflect.NativeMethodAccessorImpl.invoke0(Native Method)&#13;&#10;&#9;at sun.reflect.NativeMethodAccessorImpl.invoke(NativeMethodAccessorImpl.java:62)&#13;&#10;&#9;at sun.reflect.DelegatingMethodAccessorImpl.invoke(DelegatingMethodAccessorImpl.java:43)&#13;&#10;&#9;at java.lang.reflect.Method.invoke(Method.java:498)&#13;&#10;&#9;at cucumber.runtime.Utils$1.call(Utils.java:40)&#13;&#10;&#9;at cucumber.runtime.Timeout.timeout(Timeout.java:16)&#13;&#10;&#9;at cucumber.runtime.Utils.invoke(Utils.java:34)&#13;&#10;&#9;at cucumber.runtime.java.JavaStepDefinition.execute(JavaStepDefinition.java:38)&#13;&#10;&#9;at cucumber.runtime.StepDefinitionMatch.runStep(StepDefinitionMatch.java:37)&#13;&#10;&#9;at cucumber.runtime.Runtime.runStep(Runtime.java:300)&#13;&#10;&#9;at cucumber.runtime.model.StepContainer.runStep(StepContainer.java:44)&#13;&#10;&#9;at cucumber.runtime.model.StepContainer.runSteps(StepContainer.java:39)&#13;&#10;&#9;at cucumber.runtime.model.CucumberScenario.run(CucumberScenario.java:44)&#13;&#10;&#9;at cucumber.runtime.model.CucumberScenarioOutline.run(CucumberScenarioOutline.java:46)&#13;&#10;&#9;at cucumber.runtime.model.CucumberFeature.run(CucumberFeature.java:165)&#13;&#10;&#9;at cucumber.api.testng.TestNGCucumberRunner.runCucumber(TestNGCucumberRunner.java:63)&#13;&#10;&#9;at cucumber.api.testng.AbstractTestNGCucumberTests.feature(AbstractTestNGCucumberTests.java:21)&#13;&#10;&#9;at sun.reflect.NativeMethodAccessorImpl.invoke0(Native Method)&#13;&#10;&#9;at sun.reflect.NativeMethodAccessorImpl.invoke(NativeMethodAccessorImpl.java:62)&#13;&#10;&#9;at sun.reflect.DelegatingMethodAccessorImpl.invoke(DelegatingMethodAccessorImpl.java:43)&#13;&#10;&#9;at java.lang.reflect.Method.invoke(Method.java:498)&#13;&#10;&#9;at org.testng.internal.MethodInvocationHelper.invokeMethod(MethodInvocationHelper.java:133)&#13;&#10;&#9;at org.testng.internal.TestInvoker.invokeMethod(TestInvoker.java:584)&#13;&#10;&#9;at org.testng.internal.TestInvoker.invokeTestMethod(TestInvoker.java:172)&#13;&#10;&#9;at org.testng.internal.MethodRunner.runInSequence(MethodRunner.java:46)&#13;&#10;&#9;at org.testng.internal.TestInvoker$MethodInvocationAgent.invoke(TestInvoker.java:804)&#13;&#10;&#9;at org.testng.internal.TestInvoker.invokeTestMethods(TestInvoker.java:145)&#13;&#10;&#9;at org.testng.internal.TestMethodWorker.invokeTestMethods(TestMethodWorker.java:146)&#13;&#10;&#9;at org.testng.internal.TestMethodWorker.run(TestMethodWorker.java:128)&#13;&#10;&#9;at java.util.ArrayList.forEach(ArrayList.java:1249)&#13;&#10;&#9;at org.testng.TestRunner.privateRun(TestRunner.java:770)&#13;&#10;&#9;at org.testng.TestRunner.run(TestRunner.java:591)&#13;&#10;&#9;at org.testng.SuiteRunner.runTest(SuiteRunner.java:402)&#13;&#10;&#9;at org.testng.SuiteRunner.runSequentially(SuiteRunner.java:396)&#13;&#10;&#9;at org.testng.SuiteRunner.privateRun(SuiteRunner.java:355)&#13;&#10;&#9;at org.testng.SuiteRunner.run(SuiteRunner.java:304)&#13;&#10;&#9;at org.testng.SuiteRunnerWorker.runSuite(SuiteRunnerWorker.java:53)&#13;&#10;&#9;at org.testng.SuiteRunnerWorker.run(SuiteRunnerWorker.java:96)&#13;&#10;&#9;at org.testng.TestNG.runSuitesSequentially(TestNG.java:1180)&#13;&#10;&#9;at org.testng.TestNG.runSuitesLocally(TestNG.java:1102)&#13;&#10;&#9;at org.testng.TestNG.runSuites(TestNG.java:1032)&#13;&#10;&#9;at org.testng.TestNG.run(TestNG.java:1000)&#13;&#10;&#9;at org.testng.IDEARemoteTestNG.run(IDEARemoteTestNG.java:73)&#13;&#10;&#9;at org.testng.RemoteTestNGStarter.main(RemoteTestNGStarter.java:123)&#13;&#10;Caused by: java.lang.AssertionError: Fallo la validacion del objeto&#13;&#10;&#9;at org.testng.Assert.fail(Assert.java:85)&#13;&#10;&#9;at MCSS.helpers.BasePage.wait(BasePage.java:501)&#13;&#10;&#9;at MCSS.helpers.BasePage.getlabel(BasePage.java:310)&#13;&#10;&#9;... 46 more&#13;&#10;Caused by: org.openqa.selenium.TimeoutException: Expected condition failed: waiting for visibility of element located by By.xpath: //*[@id=&quot;numberAllocationWidget-heading&quot;]/h4/a (tried for 200 second(s) with 500 milliseconds interval)&#13;&#10;&#9;at org.openqa.selenium.support.ui.WebDriverWait.timeoutException(WebDriverWait.java:113)&#13;&#10;&#9;at org.openqa.selenium.support.ui.FluentWait.until(FluentWait.java:283)&#13;&#10;&#9;at MCSS.helpers.BasePage.wait(BasePage.java:495)&#13;&#10;&#9;... 47 more&#13;&#10;Caused by: org.openqa.selenium.NoSuchElementException: Cannot locate an element using By.xpath: //*[@id=&quot;numberAllocationWidget-heading&quot;]/h4/a&#10;For documentation on this error, please visit: http://seleniumhq.org/exceptions/no_such_element.html&#10;Build info: version: '3.14.0', revision: 'aacccce0', time: '2018-08-02T20:19:58.91Z'&#10;System info: host: 'DESKTOP-D2B87I9', ip: '192.168.100.6', os.name: 'Windows 10', os.arch: 'x86', os.version: '10.0', java.version: '1.8.0_131'&#10;Driver info: driver.version: unknown&#13;&#10;&#9;at org.openqa.selenium.support.ui.ExpectedConditions.lambda$findElement$0(ExpectedConditions.java:896)&#13;&#10;&#9;at java.util.Optional.orElseThrow(Optional.java:290)&#13;&#10;&#9;at org.openqa.selenium.support.ui.ExpectedConditions.findElement(ExpectedConditions.java:895)&#13;&#10;&#9;at org.openqa.selenium.support.ui.ExpectedConditions.access$000(ExpectedConditions.java:44)&#13;&#10;&#9;at org.openqa.selenium.support.ui.ExpectedConditions$7.apply(ExpectedConditions.java:206)&#13;&#10;&#9;at org.openqa.selenium.support.ui.ExpectedConditions$7.apply(ExpectedConditions.java:202)&#13;&#10;&#9;at org.openqa.selenium.support.ui.FluentWait.until(FluentWait.java:260)&#13;&#10;&#9;... 48 more&#13;&#10;"><![CDATA[Given Ingreso al login de MCSS con Dealer User "6"..........................passed
And Ingreso al login de Mimovistar con "6"..................................passed
And Seleccion el Alta Postpago solo chip con "6"............................failed
When Valido identidad del cliente con el "6" y genero recibos en Postpago...skipped
Then Cierro el Alta Postpago del cliente con "6"............................skipped

StackTrace:
java.lang.AssertionError: ERROR_Alta_Postpago
	at org.testng.Assert.fail(Assert.java:85)
	at MCSS.exceptions.ExceptionHandler.doException(ExceptionHandler.java:17)
	at MCSS.tests.Steps.altaPostpago(Steps.java:310)
	at ✽.And Seleccion el Alta Postpago solo chip con "6"(src/test/resources/feature/TC006_ComboConEquipo.feature:7)
Caused by: java.lang.AssertionError: Fallo en obtener el label
	at org.testng.Assert.fail(Assert.java:85)
	at MCSS.helpers.BasePage.manejoDeAssertExcepciones2(BasePage.java:65)
	at MCSS.helpers.BasePage.getlabel(BasePage.java:313)
	at MCSS.pageObject.MiMovistar.P004_Mi_Movistar_CheckoutPage.obtenerNroOrden(P004_Mi_Movistar_CheckoutPage.java:145)
	at MCSS.tests.Steps.altaPostpago(Steps.java:292)
	at sun.reflect.NativeMethodAccessorImpl.invoke0(Native Method)
	at sun.reflect.NativeMethodAccessorImpl.invoke(NativeMethodAccessorImpl.java:62)
	at sun.reflect.DelegatingMethodAccessorImpl.invoke(DelegatingMethodAccessorImpl.java:43)
	at java.lang.reflect.Method.invoke(Method.java:498)
	at cucumber.runtime.Utils$1.call(Utils.java:40)
	at cucumber.runtime.Timeout.timeout(Timeout.java:16)
	at cucumber.runtime.Utils.invoke(Utils.java:34)
	at cucumber.runtime.java.JavaStepDefinition.execute(JavaStepDefinition.java:38)
	at cucumber.runtime.StepDefinitionMatch.runStep(StepDefinitionMatch.java:37)
	at cucumber.runtime.Runtime.runStep(Runtime.java:300)
	at cucumber.runtime.model.StepContainer.runStep(StepContainer.java:44)
	at cucumber.runtime.model.StepContainer.runSteps(StepContainer.java:39)
	at cucumber.runtime.model.CucumberScenario.run(CucumberScenario.java:44)
	at cucumber.runtime.model.CucumberScenarioOutline.run(CucumberScenarioOutline.java:46)
	at cucumber.runtime.model.CucumberFeature.run(CucumberFeature.java:165)
	at cucumber.api.testng.TestNGCucumberRunner.runCucumber(TestNGCucumberRunner.java:63)
	at cucumber.api.testng.AbstractTestNGCucumberTests.feature(AbstractTestNGCucumberTests.java:21)
	at sun.reflect.NativeMethodAccessorImpl.invoke0(Native Method)
	at sun.reflect.NativeMethodAccessorImpl.invoke(NativeMethodAccessorImpl.java:62)
	at sun.reflect.DelegatingMethodAccessorImpl.invoke(DelegatingMethodAccessorImpl.java:43)
	at java.lang.reflect.Method.invoke(Method.java:498)
	at org.testng.internal.MethodInvocationHelper.invokeMethod(MethodInvocationHelper.java:133)
	at org.testng.internal.TestInvoker.invokeMethod(TestInvoker.java:584)
	at org.testng.internal.TestInvoker.invokeTestMethod(TestInvoker.java:172)
	at org.testng.internal.MethodRunner.runInSequence(MethodRunner.java:46)
	at org.testng.internal.TestInvoker$MethodInvocationAgent.invoke(TestInvoker.java:804)
	at org.testng.internal.TestInvoker.invokeTestMethods(TestInvoker.java:145)
	at org.testng.internal.TestMethodWorker.invokeTestMethods(TestMethodWorker.java:146)
	at org.testng.internal.TestMethodWorker.run(TestMethodWorker.java:128)
	at java.util.ArrayList.forEach(ArrayList.java:1249)
	at org.testng.TestRunner.privateRun(TestRunner.java:770)
	at org.testng.TestRunner.run(TestRunner.java:591)
	at org.testng.SuiteRunner.runTest(SuiteRunner.java:402)
	at org.testng.SuiteRunner.runSequentially(SuiteRunner.java:396)
	at org.testng.SuiteRunner.privateRun(SuiteRunner.java:355)
	at org.testng.SuiteRunner.run(SuiteRunner.java:304)
	at org.testng.SuiteRunnerWorker.runSuite(SuiteRunnerWorker.java:53)
	at org.testng.SuiteRunnerWorker.run(SuiteRunnerWorker.java:96)
	at org.testng.TestNG.runSuitesSequentially(TestNG.java:1180)
	at org.testng.TestNG.runSuitesLocally(TestNG.java:1102)
	at org.testng.TestNG.runSuites(TestNG.java:1032)
	at org.testng.TestNG.run(TestNG.java:1000)
	at org.testng.IDEARemoteTestNG.run(IDEARemoteTestNG.java:73)
	at org.testng.RemoteTestNGStarter.main(RemoteTestNGStarter.java:123)
Caused by: java.lang.AssertionError: Fallo la validacion del objeto
	at org.testng.Assert.fail(Assert.java:85)
	at MCSS.helpers.BasePage.wait(BasePage.java:501)
	at MCSS.helpers.BasePage.getlabel(BasePage.java:310)
	... 46 more
Caused by: org.openqa.selenium.TimeoutException: Expected condition failed: waiting for visibility of element located by By.xpath: //*[@id="numberAllocationWidget-heading"]/h4/a (tried for 200 second(s) with 500 milliseconds interval)
	at org.openqa.selenium.support.ui.WebDriverWait.timeoutException(WebDriverWait.java:113)
	at org.openqa.selenium.support.ui.FluentWait.until(FluentWait.java:283)
	at MCSS.helpers.BasePage.wait(BasePage.java:495)
	... 47 more
Caused by: org.openqa.selenium.NoSuchElementException: Cannot locate an element using By.xpath: //*[@id="numberAllocationWidget-heading"]/h4/a
For documentation on this error, please visit: http://seleniumhq.org/exceptions/no_such_element.html
Build info: version: '3.14.0', revision: 'aacccce0', time: '2018-08-02T20:19:58.91Z'
System info: host: 'DESKTOP-D2B87I9', ip: '192.168.100.6', os.name: 'Windows 10', os.arch: 'x86', os.version: '10.0', java.version: '1.8.0_131'
Driver info: driver.version: unknown
	at org.openqa.selenium.support.ui.ExpectedConditions.lambda$findElement$0(ExpectedConditions.java:896)
	at java.util.Optional.orElseThrow(Optional.java:290)
	at org.openqa.selenium.support.ui.ExpectedConditions.findElement(ExpectedConditions.java:895)
	at org.openqa.selenium.support.ui.ExpectedConditions.access$000(ExpectedConditions.java:44)
	at org.openqa.selenium.support.ui.ExpectedConditions$7.apply(ExpectedConditions.java:206)
	at org.openqa.selenium.support.ui.ExpectedConditions$7.apply(ExpectedConditions.java:202)
	at org.openqa.selenium.support.ui.FluentWait.until(FluentWait.java:260)
	... 48 more
]]></failure>
</testcase>
</testsuite>
